
 =====================>     TALLY 1: FIRST TALLY     <======================

 Cell 10000
   Incoming Energy [1.00000E-06, 2.22222E+05)
     Total Material
       Flux                        5.24220        +/- 3.47193E-03
       Total Reaction Rate         1.99182        +/- 1.12625E-03
       Fission Rate                4.80599E-02    +/- 5.42146E-05
   Incoming Energy [2.22222E+05, 4.44444E+05)
     Total Material
       Flux                        0.0            +/- 0.0
       Total Reaction Rate         0.0            +/- 0.0
       Fission Rate                0.0            +/- 0.0
   Incoming Energy [4.44444E+05, 6.66667E+05)
     Total Material
       Flux                        0.0            +/- 0.0
       Total Reaction Rate         0.0            +/- 0.0
       Fission Rate                0.0            +/- 0.0
   Incoming Energy [6.66667E+05, 8.88889E+05)
     Total Material
       Flux                        0.0            +/- 0.0
       Total Reaction Rate         0.0            +/- 0.0
       Fission Rate                0.0            +/- 0.0
   Incoming Energy [8.88889E+05, 1.11111E+06)
     Total Material
       Flux                        0.0            +/- 0.0
       Total Reaction Rate         0.0            +/- 0.0
       Fission Rate                0.0            +/- 0.0
   Incoming Energy [1.11111E+06, 1.33333E+06)
     Total Material
       Flux                        0.0            +/- 0.0
       Total Reaction Rate         0.0            +/- 0.0
       Fission Rate                0.0            +/- 0.0
   Incoming Energy [1.33333E+06, 1.55556E+06)
     Total Material
       Flux                        0.0            +/- 0.0
       Total Reaction Rate         0.0            +/- 0.0
       Fission Rate                0.0            +/- 0.0
   Incoming Energy [1.55556E+06, 1.77778E+06)
     Total Material
       Flux                        0.0            +/- 0.0
       Total Reaction Rate         0.0            +/- 0.0
       Fission Rate                0.0            +/- 0.0
   Incoming Energy [1.77778E+06, 2.00000E+06)
     Total Material
       Flux                        0.0            +/- 0.0
       Total Reaction Rate         0.0            +/- 0.0
       Fission Rate                0.0            +/- 0.0
